[2025-09-02 10:43:20] GET https://test-api.service.hmrc.gov.uk/individuals/business/details/LY419735D/list - Status: 401 - Response: {"code":"INVALID_CREDENTIALS","message":"Invalid Authentication information provided"}
[2025-09-03 11:00:04] POST https://test-api.service.hmrc.gov.uk/agents/FARN0950827/invitations - Status: 401 - Response: {"code":"INVALID_CREDENTIALS","message":"Invalid Authentication information provided"}
[2025-09-03 11:00:36] POST https://test-api.service.hmrc.gov.uk/agents/FARN0950827/invitations - Status: 401 - Response: {"code":"INVALID_CREDENTIALS","message":"Invalid Authentication information provided"}
[2025-09-03 11:00:37] POST https://test-api.service.hmrc.gov.uk/agents/FARN0950827/invitations - Status: 403 - Response: {"code":"DUPLICATE_AUTHORISATION_REQUEST","message":"The authorisation request is a duplicate of a previous request."}
[2025-09-03 11:13:44] POST https://test-api.service.hmrc.gov.uk/agents/FARN0950827/invitations - Status: 401 - Response: {"code":"INVALID_CREDENTIALS","message":"Invalid Authentication information provided"}
[2025-09-03 11:13:45] GET https://test-api.service.hmrc.gov.uk/agents/FARN0950827/invitations/A3R8E45R37EPF - Status: 401 - Response: {"code":"INVALID_CREDENTIALS","message":"Invalid Authentication information provided"}
[2025-09-03 11:13:52] GET https://test-api.service.hmrc.gov.uk/agents/FARN0950827/invitations/A3R8E45R37EPF - Status: 401 - Response: {"code":"INVALID_CREDENTIALS","message":"Invalid Authentication information provided"}
[2025-09-03 11:19:36] POST https://test-api.service.hmrc.gov.uk/agents/FARN0950827/invitations - Status: 401 - Response: {"code":"INVALID_CREDENTIALS","message":"Invalid Authentication information provided"}
[2025-09-03 11:19:37] POST https://test-api.service.hmrc.gov.uk/agents/FARN0950827/invitations - Status: 403 - Response: {"code":"DUPLICATE_AUTHORISATION_REQUEST","message":"The authorisation request is a duplicate of a previous request."}
[2025-09-03 11:21:27] POST https://test-api.service.hmrc.gov.uk/agents/FARN0950827/invitations - Status: 401 - Response: {"code":"INVALID_CREDENTIALS","message":"Invalid Authentication information provided"}
[2025-09-03 11:21:28] GET https://test-api.service.hmrc.gov.uk/agents/FARN0950827/invitations/AGXDLXOFTDMY3 - Status: 401 - Response: {"code":"INVALID_CREDENTIALS","message":"Invalid Authentication information provided"}
[2025-09-03 12:13:13] DELETE https://test-api.service.hmrc.gov.uk/agents/FARN0950827/invitations/AKK7AJU3BUSF1 - Status: 401 - Response: {"code":"INVALID_CREDENTIALS","message":"Invalid Authentication information provided"}
[2025-09-03 12:13:18] DELETE https://test-api.service.hmrc.gov.uk/agents/FARN0950827/invitations/A3R8E45R37EPF - Status: 401 - Response: {"code":"INVALID_CREDENTIALS","message":"Invalid Authentication information provided"}
[2025-09-03 12:13:23] DELETE https://test-api.service.hmrc.gov.uk/agents/FARN0950827/invitations/AGXDLXOFTDMY3 - Status: 401 - Response: {"code":"INVALID_CREDENTIALS","message":"Invalid Authentication information provided"}
[2025-09-03 12:41:54] POST https://test-api.service.hmrc.gov.uk/agents/FARN0950827/relationships - Status: 401 - Response: {"code":"INVALID_CREDENTIALS","message":"Invalid Authentication information provided"}
[2025-09-03 12:41:55] POST https://test-api.service.hmrc.gov.uk/agents/FARN0950827/relationships - Status: 403 - Response: {"code":"POSTCODE_DOES_NOT_MATCH","message":"The postcode provided does not match HMRC's record for this client."}
[2025-09-03 12:42:02] POST https://test-api.service.hmrc.gov.uk/agents/FARN0950827/relationships - Status: 401 - Response: {"code":"INVALID_CREDENTIALS","message":"Invalid Authentication information provided"}
[2025-09-03 12:42:03] POST https://test-api.service.hmrc.gov.uk/agents/FARN0950827/relationships - Status: 403 - Response: {"code":"POSTCODE_DOES_NOT_MATCH","message":"The postcode provided does not match HMRC's record for this client."}
[2025-09-03 12:42:26] POST https://test-api.service.hmrc.gov.uk/agents/FARN0950827/relationships - Status: 401 - Response: {"code":"INVALID_CREDENTIALS","message":"Invalid Authentication information provided"}
[2025-09-03 12:42:27] POST https://test-api.service.hmrc.gov.uk/agents/FARN0950827/relationships - Status: 403 - Response: {"code":"POSTCODE_DOES_NOT_MATCH","message":"The postcode provided does not match HMRC's record for this client."}
[2025-09-03 12:42:40] POST https://test-api.service.hmrc.gov.uk/agents/FARN0950827/relationships - Status: 401 - Response: {"code":"INVALID_CREDENTIALS","message":"Invalid Authentication information provided"}
[2025-09-03 12:42:40] POST https://test-api.service.hmrc.gov.uk/agents/FARN0950827/relationships - Status: 403 - Response: {"code":"POSTCODE_DOES_NOT_MATCH","message":"The postcode provided does not match HMRC's record for this client."}
[2025-09-03 12:43:13] POST https://test-api.service.hmrc.gov.uk/agents/FARN0950827/invitations - Status: 401 - Response: {"code":"INVALID_CREDENTIALS","message":"Invalid Authentication information provided"}
[2025-09-03 12:43:14] GET https://test-api.service.hmrc.gov.uk/agents/FARN0950827/invitations/AYDFUFMPCRB6S - Status: 401 - Response: {"code":"INVALID_CREDENTIALS","message":"Invalid Authentication information provided"}
[2025-09-03 12:43:31] POST https://test-api.service.hmrc.gov.uk/agents/FARN0950827/relationships - Status: 401 - Response: {"code":"INVALID_CREDENTIALS","message":"Invalid Authentication information provided"}
[2025-09-03 12:43:32] POST https://test-api.service.hmrc.gov.uk/agents/FARN0950827/relationships - Status: 404 - Response: {"code":"RELATIONSHIP_NOT_FOUND","message":"Relationship is inactive. Agent is not authorised to act for this client."}
[2025-09-03 13:13:49] POST https://test-api.service.hmrc.gov.uk/agents/FARN0950827/invitations - Status: 401 - Response: {"code":"INVALID_CREDENTIALS","message":"Invalid Authentication information provided"}
[2025-09-03 13:13:50] POST https://test-api.service.hmrc.gov.uk/agents/FARN0950827/invitations - Status: 403 - Response: {"code":"DUPLICATE_AUTHORISATION_REQUEST","message":"The authorisation request is a duplicate of a previous request."}
[2025-09-03 14:30:39] POST https://test-api.service.hmrc.gov.uk/agents/FARN0950827/invitations - Status: 401 - Response: {"code":"INVALID_CREDENTIALS","message":"Invalid Authentication information provided"}
[2025-09-03 14:30:40] POST https://test-api.service.hmrc.gov.uk/agents/FARN0950827/invitations - Status: 403 - Response: {"code":"DUPLICATE_AUTHORISATION_REQUEST","message":"The authorisation request is a duplicate of a previous request."}
[2025-09-03 14:32:15] POST https://test-api.service.hmrc.gov.uk/agents/FARN0950827/relationships - Status: 401 - Response: {"code":"INVALID_CREDENTIALS","message":"Invalid Authentication information provided"}
[2025-09-03 14:33:11] POST https://test-api.service.hmrc.gov.uk/agents/FARN0950827/relationships - Status: 401 - Response: {"code":"INVALID_CREDENTIALS","message":"Invalid Authentication information provided"}
[2025-09-03 14:45:37] GET https://test-api.service.hmrc.gov.uk/individuals/business/details/BS671478B/list - Status: 401 - Response: {"code":"INVALID_CREDENTIALS","message":"Invalid Authentication information provided"}
[2025-09-03 14:45:38] GET https://test-api.service.hmrc.gov.uk/individuals/business/details/BS671478B/list - Status: 403 - Response: {"code":"INVALID_SCOPE","message":"Can not access the required resource. Ensure this token has all the required scopes."}
[2025-09-03 14:46:08] GET https://test-api.service.hmrc.gov.uk/individuals/business/details/BS671478B/list - Status: 401 - Response: {"code":"INVALID_CREDENTIALS","message":"Invalid Authentication information provided"}
[2025-09-03 14:46:09] GET https://test-api.service.hmrc.gov.uk/individuals/business/details/BS671478B/list - Status: 403 - Response: {"code":"INVALID_SCOPE","message":"Can not access the required resource. Ensure this token has all the required scopes."}
[2025-09-03 14:49:11] GET https://test-api.service.hmrc.gov.uk/individuals/business/details/BS671478B/list - Status: 401 - Response: {"code":"INVALID_CREDENTIALS","message":"Invalid Authentication information provided"}
[2025-09-03 14:49:12] GET https://test-api.service.hmrc.gov.uk/individuals/business/details/BS671478B/list - Status: 403 - Response: {"code":"INVALID_SCOPE","message":"Can not access the required resource. Ensure this token has all the required scopes."}
[2025-09-03 14:50:58] GET https://test-api.service.hmrc.gov.uk/individuals/business/details/BS671478B/list - Status: 401 - Response: {"code":"INVALID_CREDENTIALS","message":"Invalid Authentication information provided"}
[2025-09-03 14:50:59] GET https://test-api.service.hmrc.gov.uk/individuals/business/details/BS671478B/list - Status: 403 - Response: {"code":"INVALID_SCOPE","message":"Can not access the required resource. Ensure this token has all the required scopes."}
[2025-09-03 14:53:40] GET https://test-api.service.hmrc.gov.uk/individuals/business/details/BS671478B/list - Status: 403 - Response: {"code":"INVALID_SCOPE","message":"Can not access the required resource. Ensure this token has all the required scopes."}
[2025-09-03 14:58:20] GET https://test-api.service.hmrc.gov.uk/individuals/business/details/BS671478B/list - Status: 403 - Response: {"code":"INVALID_SCOPE","message":"Can not access the required resource. Ensure this token has all the required scopes."}
[2025-09-03 14:59:47] GET https://test-api.service.hmrc.gov.uk/individuals/business/details/BS671478B/list - Status: 403 - Response: {"code":"INVALID_SCOPE","message":"Can not access the required resource. Ensure this token has all the required scopes."}
[2025-09-04 12:43:20] GET https://test-api.service.hmrc.gov.uk/individuals/business/details/JE222546C/list - Status: 403 - Response: {"code":"CLIENT_OR_AGENT_NOT_AUTHORISED","message":"The client or agent is not authorised"}
[2025-09-04 12:43:29] GET https://test-api.service.hmrc.gov.uk/individuals/business/details/JE222546C/list - Status: 403 - Response: {"code":"CLIENT_OR_AGENT_NOT_AUTHORISED","message":"The client or agent is not authorised"}
[2025-09-04 12:43:36] GET https://test-api.service.hmrc.gov.uk/individuals/business/details/JE222546C/list - Status: 403 - Response: {"code":"CLIENT_OR_AGENT_NOT_AUTHORISED","message":"The client or agent is not authorised"}
[2025-09-04 12:44:27] GET https://test-api.service.hmrc.gov.uk/individuals/business/details/JE222546C/list - Status: 403 - Response: {"code":"CLIENT_OR_AGENT_NOT_AUTHORISED","message":"The client or agent is not authorised"}
[2025-09-04 12:47:08] GET https://test-api.service.hmrc.gov.uk/individuals/business/details/JE222546C/list - Status: 403 - Response: {"code":"CLIENT_OR_AGENT_NOT_AUTHORISED","message":"The client or agent is not authorised"}
[2025-09-04 12:47:46] GET https://test-api.service.hmrc.gov.uk/individuals/business/details/JE222546C/list - Status: 403 - Response: {"code":"CLIENT_OR_AGENT_NOT_AUTHORISED","message":"The client or agent is not authorised"}
[2025-09-04 12:48:04] GET https://test-api.service.hmrc.gov.uk/individuals/business/details/JE222546C/list - Status: 403 - Response: {"code":"CLIENT_OR_AGENT_NOT_AUTHORISED","message":"The client or agent is not authorised"}
[2025-09-04 12:48:22] GET https://test-api.service.hmrc.gov.uk/individuals/business/details/JE222546C/list - Status: 403 - Response: {"code":"CLIENT_OR_AGENT_NOT_AUTHORISED","message":"The client or agent is not authorised"}
[2025-09-04 12:48:37] GET https://test-api.service.hmrc.gov.uk/individuals/business/details/LY419735D/list - Status: 401 - Response: {"code":"INVALID_CREDENTIALS","message":"Invalid Authentication information provided"}
[2025-09-04 12:48:50] GET https://test-api.service.hmrc.gov.uk/individuals/business/details/LY419735D/list - Status: 401 - Response: {"code":"INVALID_CREDENTIALS","message":"Invalid Authentication information provided"}
[2025-09-04 12:49:00] GET https://test-api.service.hmrc.gov.uk/individuals/business/details/LY419735D/list - Status: 401 - Response: {"code":"INVALID_CREDENTIALS","message":"Invalid Authentication information provided"}
[2025-09-04 12:49:46] GET https://test-api.service.hmrc.gov.uk/individuals/business/details/LY419735D/list - Status: 401 - Response: {"code":"INVALID_CREDENTIALS","message":"Invalid Authentication information provided"}
[2025-09-04 12:49:52] GET https://test-api.service.hmrc.gov.uk/individuals/business/details/LY419735D/XBIS12345678901 - Status: 401 - Response: {"code":"INVALID_CREDENTIALS","message":"Invalid Authentication information provided"}
[2025-09-04 12:51:36] GET https://test-api.service.hmrc.gov.uk/individuals/business/self-employment/LY419735D/XBIS12345678901/cumulative/2025-26 - Status: 401 - Response: {"code":"INVALID_CREDENTIALS","message":"Invalid Authentication information provided"}
[2025-09-04 12:51:51] GET https://test-api.service.hmrc.gov.uk/individuals/business/self-employment/LY419735D/XBIS12345678901/cumulative/2025-26 - Status: 401 - Response: {"code":"INVALID_CREDENTIALS","message":"Invalid Authentication information provided"}
[2025-09-04 12:52:20] GET https://test-api.service.hmrc.gov.uk/individuals/business/self-employment/LY419735D/XBIS12345678901/cumulative/2025-26 - Status: 401 - Response: {"code":"INVALID_CREDENTIALS","message":"Invalid Authentication information provided"}
[2025-09-04 12:52:29] GET https://test-api.service.hmrc.gov.uk/individuals/business/self-employment/LY419735D/XBIS12345678901/cumulative/2025-26 - Status: 401 - Response: {"code":"INVALID_CREDENTIALS","message":"Invalid Authentication information provided"}
[2025-09-04 16:08:22] GET https://test-api.service.hmrc.gov.uk/individuals/business/details/LY419735D/list - Status: 401 - Response: {"code":"INVALID_CREDENTIALS","message":"Invalid Authentication information provided"}
[2025-09-04 16:08:29] GET https://test-api.service.hmrc.gov.uk/individuals/business/details/LY419735D/XBIS12345678901 - Status: 401 - Response: {"code":"INVALID_CREDENTIALS","message":"Invalid Authentication information provided"}
[2025-09-04 17:23:42] GET https://test-api.service.hmrc.gov.uk/individuals/business/details/LY419735D/list - Status: 401 - Response: {"code":"INVALID_CREDENTIALS","message":"Invalid Authentication information provided"}
[2025-09-04 17:23:47] GET https://test-api.service.hmrc.gov.uk/individuals/business/details/LY419735D/XBIS12345678901 - Status: 401 - Response: {"code":"INVALID_CREDENTIALS","message":"Invalid Authentication information provided"}
[2025-09-04 17:24:23] GET https://test-api.service.hmrc.gov.uk/individuals/business/self-employment/LY419735D/XBIS12345678901/cumulative/2025-26 - Status: 401 - Response: {"code":"INVALID_CREDENTIALS","message":"Invalid Authentication information provided"}
[2025-09-05 10:29:15] GET https://test-api.service.hmrc.gov.uk/individuals/business/details/JE222546C/list - Status: 401 - Response: {"code":"INVALID_CREDENTIALS","message":"Invalid Authentication information provided"}
[2025-09-05 10:29:16] GET https://test-api.service.hmrc.gov.uk/individuals/business/details/JE222546C/list - Status: 403 - Response: {"code":"CLIENT_OR_AGENT_NOT_AUTHORISED","message":"The client or agent is not authorised"}
[2025-09-05 10:30:25] GET https://test-api.service.hmrc.gov.uk/individuals/business/details/JE222546C/list - Status: 401 - Response: {"code":"INVALID_CREDENTIALS","message":"Invalid Authentication information provided"}
[2025-09-05 10:30:26] GET https://test-api.service.hmrc.gov.uk/individuals/business/details/JE222546C/list - Status: 403 - Response: {"code":"CLIENT_OR_AGENT_NOT_AUTHORISED","message":"The client or agent is not authorised"}
[2025-09-05 10:30:40] GET https://test-api.service.hmrc.gov.uk/individuals/business/details/LY419735D/list - Status: 401 - Response: {"code":"INVALID_CREDENTIALS","message":"Invalid Authentication information provided"}
[2025-09-05 10:30:46] GET https://test-api.service.hmrc.gov.uk/individuals/business/details/LY419735D/XBIS12345678901 - Status: 401 - Response: {"code":"INVALID_CREDENTIALS","message":"Invalid Authentication information provided"}
[2025-09-05 14:05:10] PUT https://test-api.service.hmrc.gov.uk/individuals/business/self-employment/LY419735D/XBIS12345678901/cumulative/2025-26 - Status: 401 - Response: {"code":"INVALID_CREDENTIALS","message":"Invalid Authentication information provided"}
[2025-09-05 14:05:23] GET https://test-api.service.hmrc.gov.uk/individuals/business/details/LY419735D/list - Status: 401 - Response: {"code":"INVALID_CREDENTIALS","message":"Invalid Authentication information provided"}
[2025-09-05 14:05:27] GET https://test-api.service.hmrc.gov.uk/individuals/business/details/LY419735D/XBIS12345678901 - Status: 401 - Response: {"code":"INVALID_CREDENTIALS","message":"Invalid Authentication information provided"}
[2025-09-05 14:05:33] GET https://test-api.service.hmrc.gov.uk/individuals/business/self-employment/LY419735D/XBIS12345678901/cumulative/2025-26 - Status: 401 - Response: {"code":"INVALID_CREDENTIALS","message":"Invalid Authentication information provided"}
[2025-09-05 14:05:58] PUT https://test-api.service.hmrc.gov.uk/individuals/business/self-employment/LY419735D/XBIS12345678901/cumulative/2025-26 - Status: 401 - Response: {"code":"INVALID_CREDENTIALS","message":"Invalid Authentication information provided"}
[2025-09-05 14:28:37] GET https://test-api.service.hmrc.gov.uk/individuals/business/details/LY419735D/list - Status: 401 - Response: {"code":"INVALID_CREDENTIALS","message":"Invalid Authentication information provided"}
[2025-09-05 14:28:40] GET https://test-api.service.hmrc.gov.uk/individuals/business/details/LY419735D/XBIS12345678901 - Status: 401 - Response: {"code":"INVALID_CREDENTIALS","message":"Invalid Authentication information provided"}
[2025-09-05 14:29:01] PUT https://test-api.service.hmrc.gov.uk/individuals/business/self-employment/LY419735D/XBIS12345678901/cumulative/2025-26 - Status: 401 - Response: {"code":"INVALID_CREDENTIALS","message":"Invalid Authentication information provided"}
[2025-09-05 14:30:15] GET https://test-api.service.hmrc.gov.uk/individuals/business/details/LY419735D/list - Status: 401 - Response: {"code":"INVALID_CREDENTIALS","message":"Invalid Authentication information provided"}
[2025-09-05 14:30:18] GET https://test-api.service.hmrc.gov.uk/individuals/business/details/LY419735D/XBIS12345678901 - Status: 401 - Response: {"code":"INVALID_CREDENTIALS","message":"Invalid Authentication information provided"}
[2025-09-05 14:30:42] PUT https://test-api.service.hmrc.gov.uk/individuals/business/self-employment/LY419735D/XBIS12345678901/cumulative/2025-26 - Status: 401 - Response: {"code":"INVALID_CREDENTIALS","message":"Invalid Authentication information provided"}
[2025-09-05 14:40:36] GET https://test-api.service.hmrc.gov.uk/individuals/business/details/LY419735D/list - Status: 401 - Response: {"code":"INVALID_CREDENTIALS","message":"Invalid Authentication information provided"}
[2025-09-05 14:41:57] GET https://test-api.service.hmrc.gov.uk/individuals/business/details/BS671478B/list - Status: 401 - Response: {"code":"INVALID_CREDENTIALS","message":"Invalid Authentication information provided"}
[2025-09-05 14:42:01] GET https://test-api.service.hmrc.gov.uk/individuals/business/details/BS671478B/XBIS12345678901 - Status: 401 - Response: {"code":"INVALID_CREDENTIALS","message":"Invalid Authentication information provided"}
[2025-09-05 14:42:06] GET https://test-api.service.hmrc.gov.uk/individuals/business/self-employment/BS671478B/XBIS12345678901/cumulative/2025-26 - Status: 401 - Response: {"code":"INVALID_CREDENTIALS","message":"Invalid Authentication information provided"}
[2025-09-05 14:42:33] PUT https://test-api.service.hmrc.gov.uk/individuals/business/self-employment/BS671478B/XBIS12345678901/cumulative/2025-26 - Status: 401 - Response: {"code":"INVALID_CREDENTIALS","message":"Invalid Authentication information provided"}
[2025-09-05 14:43:12] GET https://test-api.service.hmrc.gov.uk/individuals/business/details/BS671478B/list - Status: 401 - Response: {"code":"INVALID_CREDENTIALS","message":"Invalid Authentication information provided"}
[2025-09-05 14:43:16] GET https://test-api.service.hmrc.gov.uk/individuals/business/details/BS671478B/XBIS12345678901 - Status: 401 - Response: {"code":"INVALID_CREDENTIALS","message":"Invalid Authentication information provided"}
[2025-09-05 14:43:32] PUT https://test-api.service.hmrc.gov.uk/individuals/business/self-employment/BS671478B/XBIS12345678901/cumulative/2025-26 - Status: 401 - Response: {"code":"INVALID_CREDENTIALS","message":"Invalid Authentication information provided"}
[2025-09-05 14:46:19] GET https://test-api.service.hmrc.gov.uk/individuals/business/details/BS671478B/list - Status: 401 - Response: {"code":"INVALID_CREDENTIALS","message":"Invalid Authentication information provided"}
[2025-09-05 16:06:19] GET https://test-api.service.hmrc.gov.uk/individuals/business/details/BS671478B/list - Status: 401 - Response: {"code":"INVALID_CREDENTIALS","message":"Invalid Authentication information provided"}
[2025-09-05 16:06:22] GET https://test-api.service.hmrc.gov.uk/individuals/business/details/BS671478B/XBIS12345678901 - Status: 401 - Response: {"code":"INVALID_CREDENTIALS","message":"Invalid Authentication information provided"}
[2025-09-05 16:17:48] POST https://test-api.service.hmrc.gov.uk/agents/FARN0950827/invitations - Status: 403 - Response: {"code":"ALREADY_AUTHORISED","message":"The client has already authorised the agent for this service. The agent does not need ask the client for this authorisation again."}
[2025-09-05 16:18:11] GET https://test-api.service.hmrc.gov.uk/individuals/business/details/BS671478B/list - Status: 403 - Response: {"code":"INVALID_SCOPE","message":"Can not access the required resource. Ensure this token has all the required scopes."}
